<?xml version="1.0" encoding="UTF-8"?>
<!-- Generated by org.testng.reporters.JUnitReportReporter -->
<testsuite hostname="DESKTOP-N3TE15A" failures="0" tests="1" name="BushSoc.testcases.Contact_Us" time="57.037" errors="0" timestamp="2024-01-10T14:12:06 IST" skipped="0">
  <testcase classname="BushSoc.testcases.Contact_Us" name="Form" time="57.037"/>
  <system-out>
    <![CDATA[**********Browser Session Started***********
**********Land On login page***********
**********click button***********
********Browser Session End********]]>
  </system-out>
</testsuite> <!-- BushSoc.testcases.Contact_Us -->
