<?xml version="1.0" encoding="UTF-8"?>
<!-- Generated by org.testng.reporters.JUnitReportReporter -->
<testsuite hostname="DESKTOP-N3TE15A" failures="0" tests="1" name="BushSoc.testcases.BaseClass" time="10.466" errors="0" timestamp="2023-12-13T18:43:36 IST" skipped="0">
  <testcase classname="BushSoc.testcases.BaseClass" name="login" time="10.466">
    <system-out>
      <![CDATA[**********Land On login page***********
**********click button***********]]>
    </system-out>
  </testcase> <!-- login -->
  <system-out>
    <![CDATA[**********Browser Session Started***********
**********Land On login page***********
**********click button***********
********Browser Session End********]]>
  </system-out>
</testsuite> <!-- BushSoc.testcases.BaseClass -->
