<?xml version="1.0" encoding="UTF-8"?>
<!-- Generated by org.testng.reporters.JUnitReportReporter -->
<testsuite hostname="DESKTOP-N3TE15A" failures="0" tests="1" name="BushSoc.testcases.About_Us" time="15.824" errors="0" timestamp="2024-01-24T13:52:15 IST" skipped="0">
  <testcase classname="BushSoc.testcases.About_Us" name="click" time="15.824">
    <system-out>
      <![CDATA[********About Us Session End********]]>
    </system-out>
  </testcase> <!-- click -->
  <system-out>
    <![CDATA[**********Browser Session Started***********
**********Land On login page***********
**********click button***********
********About Us Session End********
********Browser Session End********]]>
  </system-out>
</testsuite> <!-- BushSoc.testcases.About_Us -->
