<?xml version="1.0" encoding="UTF-8"?>
<!-- Generated by org.testng.reporters.JUnitReportReporter -->
<testsuite hostname="DESKTOP-N3TE15A" failures="0" tests="1" name="BushSoc.testcases.Donate_for_Bushido" time="0.065" errors="0" timestamp="2024-01-17T12:26:55 IST" skipped="0">
  <testcase classname="BushSoc.testcases.Donate_for_Bushido" name="click" time="0.065"/>
  <system-out>
    <![CDATA[**********Browser Session Started***********
**********Land On login page***********
**********click button***********
********Browser Session End********]]>
  </system-out>
</testsuite> <!-- BushSoc.testcases.Donate_for_Bushido -->
