<?xml version="1.0" encoding="UTF-8"?>
<!-- Generated by org.testng.reporters.JUnitReportReporter -->
<testsuite hostname="DESKTOP-N3TE15A" failures="0" tests="1" name="BushSoc.testcases.Testimonials" time="2.605" errors="0" timestamp="2024-01-17T14:25:11 IST" skipped="0">
  <testcase classname="BushSoc.testcases.Testimonials" name="click" time="2.605"/>
  <system-out>
    <![CDATA[**********Browser Session Started***********
**********Land On login page***********
**********click button***********
********Browser Session End********]]>
  </system-out>
</testsuite> <!-- BushSoc.testcases.Testimonials -->
