<?xml version="1.0" encoding="UTF-8"?>
<!-- Generated by org.testng.reporters.JUnitReportReporter -->
<testsuite hostname="DESKTOP-N3TE15A" failures="0" tests="1" name="BushSoc.testcases.Login" time="12.310" errors="0" timestamp="2023-12-13T14:38:23 IST" skipped="0">
  <testcase classname="BushSoc.testcases.Login" name="open" time="12.310">
    <system-out>
      <![CDATA[**********Land On login page***********
**********click button***********]]>
    </system-out>
  </testcase> <!-- open -->
  <system-out>
    <![CDATA[**********Browser Session Started***********
**********Land On login page***********
**********click button***********
********Browser Session End********]]>
  </system-out>
</testsuite> <!-- BushSoc.testcases.Login -->
