<?xml version="1.0" encoding="UTF-8"?>
<!-- Generated by org.testng.reporters.JUnitReportReporter -->
<testsuite hostname="DESKTOP-N3TE15A" failures="0" tests="1" name="BushSoc.testcases.FAQS" time="1.018" errors="0" timestamp="2024-01-05T11:47:18 IST" skipped="0">
  <testcase classname="BushSoc.testcases.FAQS" name="click" time="1.018"/>
  <system-out>
    <![CDATA[**********Browser Session Started***********
**********Land On login page***********
**********click button***********
********Browser Session End********
**********Browser Session Started***********
**********Land On login page***********
**********click button***********
********Browser Session End********
**********Browser Session Started***********
**********Land On login page***********
**********click button***********
********Browser Session End********
**********Browser Session Started***********
**********Land On login page***********
**********click button***********
********Browser Session End********
**********Browser Session Started***********
**********Land On login page***********
**********click button***********
********Browser Session End********
**********Browser Session Started***********
**********Land On login page***********
**********click button***********
********Browser Session End********
**********Browser Session Started***********
**********Land On login page***********
**********click button***********
**********Company Value page load***********
********Browser Session End********
**********Browser Session Started***********
**********Land On login page***********
**********click button***********
********Browser Session End********
**********Browser Session Started***********
**********Land On login page***********
**********click button***********
********Browser Session End********
**********Browser Session Started***********
**********Land On login page***********
**********click button***********
********Browser Session End********
**********Browser Session Started***********
**********Land On login page***********
**********click button***********
********Browser Session End********
**********Browser Session Started***********
**********Land On login page***********
**********click button***********
********Browser Session End********
**********Browser Session Started***********
**********Land On login page***********
**********click button***********
********Browser Session End********]]>
  </system-out>
</testsuite> <!-- BushSoc.testcases.FAQS -->
