<?xml version="1.0" encoding="UTF-8"?>
<!-- Generated by org.testng.reporters.JUnitReportReporter -->
<testsuite hostname="DESKTOP-N3TE15A" failures="0" tests="1" name="BushSoc.testcases.About_Us" time="17.506" errors="0" timestamp="2024-01-16T15:35:30 IST" skipped="0">
  <testcase classname="BushSoc.testcases.About_Us" name="click" time="17.506"/>
  <system-out>
    <![CDATA[**********Browser Session Started***********
**********Land On login page***********
**********click button***********
********Browser Session End********]]>
  </system-out>
</testsuite> <!-- BushSoc.testcases.About_Us -->
