<?xml version="1.0" encoding="UTF-8"?>
<!-- Generated by org.testng.reporters.JUnitReportReporter -->
<testsuite hostname="DESKTOP-N3TE15A" failures="0" tests="1" name="BushSoc.testcases.CompanyValue" time="9.290" errors="0" timestamp="2024-01-05T11:47:18 IST" skipped="0">
  <testcase classname="BushSoc.testcases.CompanyValue" name="Click" time="9.290">
    <system-out>
      <![CDATA[**********Company Value page load***********]]>
    </system-out>
  </testcase> <!-- Click -->
  <system-out>
    <![CDATA[**********Browser Session Started***********
**********Land On login page***********
**********click button***********
********Browser Session End********
**********Browser Session Started***********
**********Land On login page***********
**********click button***********
********Browser Session End********
**********Browser Session Started***********
**********Land On login page***********
**********click button***********
********Browser Session End********
**********Browser Session Started***********
**********Land On login page***********
**********click button***********
********Browser Session End********
**********Browser Session Started***********
**********Land On login page***********
**********click button***********
********Browser Session End********
**********Browser Session Started***********
**********Land On login page***********
**********click button***********
********Browser Session End********
**********Browser Session Started***********
**********Land On login page***********
**********click button***********
**********Company Value page load***********
********Browser Session End********
**********Browser Session Started***********
**********Land On login page***********
**********click button***********
********Browser Session End********
**********Browser Session Started***********
**********Land On login page***********
**********click button***********
********Browser Session End********
**********Browser Session Started***********
**********Land On login page***********
**********click button***********
********Browser Session End********
**********Browser Session Started***********
**********Land On login page***********
**********click button***********
********Browser Session End********
**********Browser Session Started***********
**********Land On login page***********
**********click button***********
********Browser Session End********
**********Browser Session Started***********
**********Land On login page***********
**********click button***********
********Browser Session End********]]>
  </system-out>
</testsuite> <!-- BushSoc.testcases.CompanyValue -->
