<?xml version="1.0" encoding="UTF-8"?>
<!-- Generated by org.testng.reporters.JUnitReportReporter -->
<testsuite hostname="DESKTOP-N3TE15A" failures="0" tests="1" name="BushSoc.testcases.Members_Investment_Offer" time="8.711" errors="0" timestamp="2024-01-11T11:10:36 IST" skipped="0">
  <testcase classname="BushSoc.testcases.Members_Investment_Offer" name="Form" time="8.711"/>
  <system-out>
    <![CDATA[**********Browser Session Started***********
**********Land On login page***********
**********click button***********
********Browser Session End********]]>
  </system-out>
</testsuite> <!-- BushSoc.testcases.Members_Investment_Offer -->
